#
# There is insufficient memory for the Java Runtime Environment to continue.
# Native memory allocation (malloc) failed to allocate 1088336 bytes for Chunk::new
# Possible reasons:
#   The system is out of physical RAM or swap space
#   The process is running with CompressedOops enabled, and the Java Heap may be blocking the growth of the native heap
# Possible solutions:
#   Reduce memory load on the system
#   Increase physical memory or swap space
#   Check if swap backing store is full
#   Decrease Java heap size (-Xmx/-Xms)
#   Decrease number of Java threads
#   Decrease Java thread stack sizes (-Xss)
#   Set larger code cache with -XX:ReservedCodeCacheSize=
#   JVM is running with Zero Based Compressed Oops mode in which the Java heap is
#     placed in the first 32GB address space. The Java Heap base address is the
#     maximum limit for the native heap growth. Please use -XX:HeapBaseMinAddress
#     to set the Java Heap base and to place the Java Heap above 32GB virtual address.
# This output file may be truncated or incomplete.
#
#  Out of Memory Error (arena.cpp:189), pid=21896, tid=28292
#
# JRE version: OpenJDK Runtime Environment (17.0.7) (build 17.0.7+0-b2043.56-10550314)
# Java VM: OpenJDK 64-Bit Server VM (17.0.7+0-b2043.56-10550314, mixed mode, tiered, compressed oops, compressed class ptrs, g1 gc, windows-amd64)
# No core dump will be written. Minidumps are not enabled by default on client versions of Windows
#

---------------  S U M M A R Y ------------

Command Line: org.jetbrains.kotlin.cli.jvm.K2JVMCompiler @C:\Users\Lonewolf\AndroidStudioProjects\YEA\app\build\20240117_17723870562560278244.compiler.options

Host: Intel(R) Core(TM) i7-9750H CPU @ 2.60GHz, 12 cores, 15G,  Windows 11 , 64 bit Build 22621 (10.0.22621.2428)
Time: Wed Jan 17 04:19:21 2024 Greenwich Standard Time elapsed time: 9.836266 seconds (0d 0h 0m 9s)

---------------  T H R E A D  ---------------

Current thread (0x000001d37c1503d0):  JavaThread "C2 CompilerThread1" daemon [_thread_in_native, id=28292, stack(0x00000054c9b00000,0x00000054c9c00000)]


Current CompileTask:
C2:   9836 8452       4       org.jetbrains.kotlin.fir.resolve.calls.tower.FirTowerResolveTask::processCandidatesWithGivenImplicitReceiverAsValue (1837 bytes)

Stack: [0x00000054c9b00000,0x00000054c9c00000]
Native frames: (J=compiled Java code, j=interpreted, Vv=VM code, C=native code)
V  [jvm.dll+0x683bfa]
V  [jvm.dll+0x8430a4]
V  [jvm.dll+0x8449be]
V  [jvm.dll+0x845023]
V  [jvm.dll+0x24ad2f]
V  [jvm.dll+0xac25c]
V  [jvm.dll+0xac82c]
V  [jvm.dll+0x36a132]
V  [jvm.dll+0x1be138]
V  [jvm.dll+0x21d3a9]
V  [jvm.dll+0x21c671]
V  [jvm.dll+0x1a605d]
V  [jvm.dll+0x22c148]
V  [jvm.dll+0x22a209]
V  [jvm.dll+0x7f858c]
V  [jvm.dll+0x7f2aea]
V  [jvm.dll+0x682a35]
C  [ucrtbase.dll+0x29363]
C  [KERNEL32.DLL+0x1257d]
C  [ntdll.dll+0x5aa78]


---------------  P R O C E S S  ---------------

Threads class SMR info:
_java_thread_list=0x000001d37c6aca00, length=13, elements={
0x000001d356a675f0, 0x000001d375991c10, 0x000001d375992a80, 0x000001d3759e2a20,
0x000001d3759e53f0, 0x000001d3759e5da0, 0x000001d3759e6750, 0x000001d3759e74e0,
0x000001d3759ea740, 0x000001d375a07a60, 0x000001d375b59b90, 0x000001d375b5a670,
0x000001d37c1503d0
}

Java Threads: ( => current thread )
  0x000001d356a675f0 JavaThread "main" [_thread_in_vm, id=34308, stack(0x00000054c8800000,0x00000054c8900000)]
  0x000001d375991c10 JavaThread "Reference Handler" daemon [_thread_blocked, id=23228, stack(0x00000054c8f00000,0x00000054c9000000)]
  0x000001d375992a80 JavaThread "Finalizer" daemon [_thread_blocked, id=34068, stack(0x00000054c9000000,0x00000054c9100000)]
  0x000001d3759e2a20 JavaThread "Signal Dispatcher" daemon [_thread_blocked, id=30816, stack(0x00000054c9100000,0x00000054c9200000)]
  0x000001d3759e53f0 JavaThread "Attach Listener" daemon [_thread_blocked, id=34348, stack(0x00000054c9200000,0x00000054c9300000)]
  0x000001d3759e5da0 JavaThread "Service Thread" daemon [_thread_blocked, id=23384, stack(0x00000054c9300000,0x00000054c9400000)]
  0x000001d3759e6750 JavaThread "Monitor Deflation Thread" daemon [_thread_blocked, id=17804, stack(0x00000054c9400000,0x00000054c9500000)]
  0x000001d3759e74e0 JavaThread "C2 CompilerThread0" daemon [_thread_in_native, id=29576, stack(0x00000054c9500000,0x00000054c9600000)]
  0x000001d3759ea740 JavaThread "C1 CompilerThread0" daemon [_thread_in_vm, id=34600, stack(0x00000054c9600000,0x00000054c9700000)]
  0x000001d375a07a60 JavaThread "Sweeper thread" daemon [_thread_blocked, id=31140, stack(0x00000054c9700000,0x00000054c9800000)]
  0x000001d375b59b90 JavaThread "Notification Thread" daemon [_thread_blocked, id=9896, stack(0x00000054c9800000,0x00000054c9900000)]
  0x000001d375b5a670 JavaThread "Common-Cleaner" daemon [_thread_blocked, id=35740, stack(0x00000054c9a00000,0x00000054c9b00000)]
=>0x000001d37c1503d0 JavaThread "C2 CompilerThread1" daemon [_thread_in_native, id=28292, stack(0x00000054c9b00000,0x00000054c9c00000)]

Other Threads:
  0x000001d37598ef00 VMThread "VM Thread" [stack: 0x00000054c8e00000,0x00000054c8f00000] [id=34012]
  0x000001d356af9740 WatcherThread [stack: 0x00000054c9900000,0x00000054c9a00000] [id=35744]
  0x000001d356ad4730 GCTaskThread "GC Thread#0" [stack: 0x00000054c8900000,0x00000054c8a00000] [id=35028]
  0x000001d37a964040 GCTaskThread "GC Thread#1" [stack: 0x00000054c9d00000,0x00000054c9e00000] [id=12252]
  0x000001d37a9642f0 GCTaskThread "GC Thread#2" [stack: 0x00000054c9e00000,0x00000054c9f00000] [id=6824]
  0x000001d37a9645a0 GCTaskThread "GC Thread#3" [stack: 0x00000054c9f00000,0x00000054ca000000] [id=20408]
  0x000001d37a964850 GCTaskThread "GC Thread#4" [stack: 0x00000054ca000000,0x00000054ca100000] [id=7444]
  0x000001d37a63e520 GCTaskThread "GC Thread#5" [stack: 0x00000054ca100000,0x00000054ca200000] [id=7464]
  0x000001d37ab3d8a0 GCTaskThread "GC Thread#6" [stack: 0x00000054ca200000,0x00000054ca300000] [id=8044]
  0x000001d37ab4d8d0 GCTaskThread "GC Thread#7" [stack: 0x00000054ca300000,0x00000054ca400000] [id=26124]
  0x000001d37ae04a30 GCTaskThread "GC Thread#8" [stack: 0x00000054ca900000,0x00000054caa00000] [id=34140]
  0x000001d37ae13120 GCTaskThread "GC Thread#9" [stack: 0x00000054cac00000,0x00000054cad00000] [id=24520]
  0x000001d356ae5430 ConcurrentGCThread "G1 Main Marker" [stack: 0x00000054c8a00000,0x00000054c8b00000] [id=13232]
  0x000001d356ae5e40 ConcurrentGCThread "G1 Conc#0" [stack: 0x00000054c8b00000,0x00000054c8c00000] [id=11692]
  0x000001d37ae13930 ConcurrentGCThread "G1 Conc#1" [stack: 0x00000054caa00000,0x00000054cab00000] [id=26324]
  0x000001d37ae146a0 ConcurrentGCThread "G1 Conc#2" [stack: 0x00000054cab00000,0x00000054cac00000] [id=30248]
  0x000001d356b2e600 ConcurrentGCThread "G1 Refine#0" [stack: 0x00000054c8c00000,0x00000054c8d00000] [id=3488]
  0x000001d37a268d90 ConcurrentGCThread "G1 Refine#1" [stack: 0x00000054ca400000,0x00000054ca500000] [id=9732]
  0x000001d37a2684f0 ConcurrentGCThread "G1 Refine#2" [stack: 0x00000054ca500000,0x00000054ca600000] [id=3280]
  0x000001d37a268210 ConcurrentGCThread "G1 Refine#3" [stack: 0x00000054ca600000,0x00000054ca700000] [id=7500]
  0x000001d37a267f30 ConcurrentGCThread "G1 Refine#4" [stack: 0x00000054ca700000,0x00000054ca800000] [id=22500]
  0x000001d37a268ab0 ConcurrentGCThread "G1 Refine#5" [stack: 0x00000054ca800000,0x00000054ca900000] [id=30076]
  0x000001d37d2c13d0 ConcurrentGCThread "G1 Refine#6" [stack: 0x00000054c9c00000,0x00000054c9d00000] [id=5856]
  0x000001d375165e60 ConcurrentGCThread "G1 Service" [stack: 0x00000054c8d00000,0x00000054c8e00000] [id=35440]

Threads with active compile tasks:
C2 CompilerThread0     9889 8881       4       org.jetbrains.kotlin.fir.types.ConeTypeUtilsKt::forEachType (220 bytes)
C1 CompilerThread0     9889 8880       3       org.jetbrains.kotlin.fir.resolve.transformers.body.resolve.FirAbstractBodyResolveTransformerDispatcher::transformPropertyAccessor (69 bytes)
C2 CompilerThread1     9889 8452       4       org.jetbrains.kotlin.fir.resolve.calls.tower.FirTowerResolveTask::processCandidatesWithGivenImplicitReceiverAsValue (1837 bytes)

VM state: not at safepoint (normal execution)

VM Mutex/Monitor currently owned by a thread: None

Heap address: 0x0000000702400000, size: 4060 MB, Compressed Oops mode: Zero based, Oop shift amount: 3

CDS archive(s) not mapped
Compressed class space mapped at: 0x0000000800000000-0x0000000840000000, reserved size: 1073741824
Narrow klass base: 0x0000000800000000, Narrow klass shift: 0, Narrow klass range: 0x40000000

GC Precious Log:
 CPUs: 12 total, 12 available
 Memory: 16234M
 Large Page Support: Disabled
 NUMA Support: Disabled
 Compressed Oops: Enabled (Zero based)
 Heap Region Size: 2M
 Heap Min Capacity: 8M
 Heap Initial Capacity: 254M
 Heap Max Capacity: 4060M
 Pre-touch: Disabled
 Parallel Workers: 10
 Concurrent Workers: 3
 Concurrent Refinement Workers: 10
 Periodic GC: Disabled

Heap:
 garbage-first heap   total 163840K, used 81822K [0x0000000702400000, 0x0000000800000000)
  region size 2048K, 7 young (14336K), 4 survivors (8192K)
 Metaspace       used 61939K, committed 62144K, reserved 1114112K
  class space    used 7129K, committed 7232K, reserved 1048576K

Heap Regions: E=young(eden), S=young(survivor), O=old, HS=humongous(starts), HC=humongous(continues), CS=collection set, F=free, OA=open archive, CA=closed archive, TAMS=top-at-mark-start (previous, next)
|   0|0x0000000702400000, 0x0000000702600000, 0x0000000702600000|100%|HS|  |TAMS 0x0000000702600000, 0x0000000702400000| Complete 
|   1|0x0000000702600000, 0x0000000702800000, 0x0000000702800000|100%|HC|  |TAMS 0x0000000702800000, 0x0000000702600000| Complete 
|   2|0x0000000702800000, 0x0000000702a00000, 0x0000000702a00000|100%| O|  |TAMS 0x0000000702a00000, 0x0000000702800000| Untracked 
|   3|0x0000000702a00000, 0x0000000702c00000, 0x0000000702c00000|100%| O|  |TAMS 0x0000000702c00000, 0x0000000702a00000| Untracked 
|   4|0x0000000702c00000, 0x0000000702e00000, 0x0000000702e00000|100%| O|  |TAMS 0x0000000702e00000, 0x0000000702c00000| Untracked 
|   5|0x0000000702e00000, 0x0000000703000000, 0x0000000703000000|100%| O|  |TAMS 0x0000000703000000, 0x0000000702e00000| Untracked 
|   6|0x0000000703000000, 0x0000000703200000, 0x0000000703200000|100%| O|  |TAMS 0x0000000703200000, 0x0000000703000000| Untracked 
|   7|0x0000000703200000, 0x0000000703400000, 0x0000000703400000|100%| O|  |TAMS 0x0000000703400000, 0x0000000703200000| Untracked 
|   8|0x0000000703400000, 0x0000000703600000, 0x0000000703600000|100%| O|  |TAMS 0x0000000703600000, 0x0000000703400000| Untracked 
|   9|0x0000000703600000, 0x0000000703800000, 0x0000000703800000|100%| O|  |TAMS 0x0000000703800000, 0x0000000703600000| Untracked 
|  10|0x0000000703800000, 0x0000000703a00000, 0x0000000703a00000|100%| O|  |TAMS 0x0000000703a00000, 0x0000000703800000| Untracked 
|  11|0x0000000703a00000, 0x0000000703c00000, 0x0000000703c00000|100%| O|  |TAMS 0x0000000703c00000, 0x0000000703a00000| Untracked 
|  12|0x0000000703c00000, 0x0000000703e00000, 0x0000000703e00000|100%| O|  |TAMS 0x0000000703e00000, 0x0000000703c00000| Untracked 
|  13|0x0000000703e00000, 0x0000000704000000, 0x0000000704000000|100%| O|  |TAMS 0x0000000704000000, 0x0000000703e00000| Untracked 
|  14|0x0000000704000000, 0x0000000704200000, 0x0000000704200000|100%| O|  |TAMS 0x0000000704200000, 0x0000000704000000| Untracked 
|  15|0x0000000704200000, 0x0000000704400000, 0x0000000704400000|100%| O|  |TAMS 0x0000000704400000, 0x0000000704200000| Untracked 
|  16|0x0000000704400000, 0x0000000704600000, 0x0000000704600000|100%| O|  |TAMS 0x0000000704600000, 0x0000000704400000| Untracked 
|  17|0x0000000704600000, 0x0000000704800000, 0x0000000704800000|100%| O|  |TAMS 0x0000000704800000, 0x0000000704600000| Untracked 
|  18|0x0000000704800000, 0x0000000704a00000, 0x0000000704a00000|100%| O|  |TAMS 0x0000000704a00000, 0x0000000704800000| Untracked 
|  19|0x0000000704a00000, 0x0000000704c00000, 0x0000000704c00000|100%| O|  |TAMS 0x0000000704c00000, 0x0000000704a00000| Untracked 
|  20|0x0000000704c00000, 0x0000000704e00000, 0x0000000704e00000|100%| O|  |TAMS 0x0000000704e00000, 0x0000000704c00000| Untracked 
|  21|0x0000000704e00000, 0x0000000705000000, 0x0000000705000000|100%| O|  |TAMS 0x0000000704ffb800, 0x0000000704e00000| Untracked 
|  22|0x0000000705000000, 0x0000000705200000, 0x0000000705200000|100%| O|  |TAMS 0x0000000705000000, 0x0000000705000000| Untracked 
|  23|0x0000000705200000, 0x0000000705400000, 0x0000000705400000|100%| O|  |TAMS 0x0000000705200000, 0x0000000705200000| Untracked 
|  24|0x0000000705400000, 0x0000000705600000, 0x0000000705600000|100%| O|  |TAMS 0x0000000705400000, 0x0000000705400000| Untracked 
|  25|0x0000000705600000, 0x0000000705800000, 0x0000000705800000|100%| O|  |TAMS 0x0000000705600000, 0x0000000705600000| Untracked 
|  26|0x0000000705800000, 0x0000000705a00000, 0x0000000705a00000|100%| O|  |TAMS 0x0000000705800000, 0x0000000705800000| Untracked 
|  27|0x0000000705a00000, 0x0000000705c00000, 0x0000000705c00000|100%| O|  |TAMS 0x0000000705a00000, 0x0000000705a00000| Untracked 
|  28|0x0000000705c00000, 0x0000000705e00000, 0x0000000705e00000|100%| O|  |TAMS 0x0000000705c00000, 0x0000000705c00000| Untracked 
|  29|0x0000000705e00000, 0x0000000706000000, 0x0000000706000000|100%| O|  |TAMS 0x0000000705e00000, 0x0000000705e00000| Untracked 
|  30|0x0000000706000000, 0x0000000706200000, 0x0000000706200000|100%| O|  |TAMS 0x0000000706000000, 0x0000000706000000| Untracked 
|  31|0x0000000706200000, 0x0000000706400000, 0x0000000706400000|100%| O|  |TAMS 0x0000000706200000, 0x0000000706200000| Untracked 
|  32|0x0000000706400000, 0x0000000706600000, 0x0000000706600000|100%| O|  |TAMS 0x0000000706400000, 0x0000000706400000| Untracked 
|  33|0x0000000706600000, 0x00000007066a9400, 0x0000000706800000| 33%| O|  |TAMS 0x0000000706600000, 0x0000000706600000| Untracked 
|  34|0x0000000706800000, 0x0000000706800000, 0x0000000706a00000|  0%| F|  |TAMS 0x0000000706800000, 0x0000000706800000| Untracked 
|  35|0x0000000706a00000, 0x0000000706a00000, 0x0000000706c00000|  0%| F|  |TAMS 0x0000000706a00000, 0x0000000706a00000| Untracked 
|  36|0x0000000706c00000, 0x0000000706c00000, 0x0000000706e00000|  0%| F|  |TAMS 0x0000000706c00000, 0x0000000706c00000| Untracked 
|  37|0x0000000706e00000, 0x0000000706e00000, 0x0000000707000000|  0%| F|  |TAMS 0x0000000706e00000, 0x0000000706e00000| Untracked 
|  38|0x0000000707000000, 0x0000000707000000, 0x0000000707200000|  0%| F|  |TAMS 0x0000000707000000, 0x0000000707000000| Untracked 
|  39|0x0000000707200000, 0x0000000707200000, 0x0000000707400000|  0%| F|  |TAMS 0x0000000707200000, 0x0000000707200000| Untracked 
|  40|0x0000000707400000, 0x0000000707400000, 0x0000000707600000|  0%| F|  |TAMS 0x0000000707400000, 0x0000000707400000| Untracked 
|  41|0x0000000707600000, 0x0000000707600000, 0x0000000707800000|  0%| F|  |TAMS 0x0000000707600000, 0x0000000707600000| Untracked 
|  42|0x0000000707800000, 0x0000000707800000, 0x0000000707a00000|  0%| F|  |TAMS 0x0000000707800000, 0x0000000707800000| Untracked 
|  43|0x0000000707a00000, 0x0000000707a00000, 0x0000000707c00000|  0%| F|  |TAMS 0x0000000707a00000, 0x0000000707a00000| Untracked 
|  44|0x0000000707c00000, 0x0000000707c00000, 0x0000000707e00000|  0%| F|  |TAMS 0x0000000707c00000, 0x0000000707c00000| Untracked 
|  45|0x0000000707e00000, 0x0000000707e00000, 0x0000000708000000|  0%| F|  |TAMS 0x0000000707e00000, 0x0000000707e00000| Untracked 
|  46|0x0000000708000000, 0x0000000708000000, 0x0000000708200000|  0%| F|  |TAMS 0x0000000708000000, 0x0000000708000000| Untracked 
|  47|0x0000000708200000, 0x0000000708200000, 0x0000000708400000|  0%| F|  |TAMS 0x0000000708200000, 0x0000000708200000| Untracked 
|  48|0x0000000708400000, 0x0000000708400000, 0x0000000708600000|  0%| F|  |TAMS 0x0000000708400000, 0x0000000708400000| Untracked 
|  49|0x0000000708600000, 0x0000000708600000, 0x0000000708800000|  0%| F|  |TAMS 0x0000000708600000, 0x0000000708600000| Untracked 
|  50|0x0000000708800000, 0x0000000708800000, 0x0000000708a00000|  0%| F|  |TAMS 0x0000000708800000, 0x0000000708800000| Untracked 
|  51|0x0000000708a00000, 0x0000000708b3e600, 0x0000000708c00000| 62%| S|CS|TAMS 0x0000000708a00000, 0x0000000708a00000| Complete 
|  52|0x0000000708c00000, 0x0000000708e00000, 0x0000000708e00000|100%| S|CS|TAMS 0x0000000708c00000, 0x0000000708c00000| Complete 
|  53|0x0000000708e00000, 0x0000000709000000, 0x0000000709000000|100%| S|CS|TAMS 0x0000000708e00000, 0x0000000708e00000| Complete 
|  54|0x0000000709000000, 0x0000000709200000, 0x0000000709200000|100%| S|CS|TAMS 0x0000000709000000, 0x0000000709000000| Complete 
|  55|0x0000000709200000, 0x0000000709200000, 0x0000000709400000|  0%| F|  |TAMS 0x0000000709200000, 0x0000000709200000| Untracked 
|  56|0x0000000709400000, 0x0000000709400000, 0x0000000709600000|  0%| F|  |TAMS 0x0000000709400000, 0x0000000709400000| Untracked 
|  57|0x0000000709600000, 0x0000000709600000, 0x0000000709800000|  0%| F|  |TAMS 0x0000000709600000, 0x0000000709600000| Untracked 
|  58|0x0000000709800000, 0x0000000709800000, 0x0000000709a00000|  0%| F|  |TAMS 0x0000000709800000, 0x0000000709800000| Untracked 
|  59|0x0000000709a00000, 0x0000000709a00000, 0x0000000709c00000|  0%| F|  |TAMS 0x0000000709a00000, 0x0000000709a00000| Untracked 
|  60|0x0000000709c00000, 0x0000000709c00000, 0x0000000709e00000|  0%| F|  |TAMS 0x0000000709c00000, 0x0000000709c00000| Untracked 
|  61|0x0000000709e00000, 0x0000000709e00000, 0x000000070a000000|  0%| F|  |TAMS 0x0000000709e00000, 0x0000000709e00000| Untracked 
|  62|0x000000070a000000, 0x000000070a000000, 0x000000070a200000|  0%| F|  |TAMS 0x000000070a000000, 0x000000070a000000| Untracked 
|  63|0x000000070a200000, 0x000000070a200000, 0x000000070a400000|  0%| F|  |TAMS 0x000000070a200000, 0x000000070a200000| Untracked 
|  64|0x000000070a400000, 0x000000070a400000, 0x000000070a600000|  0%| F|  |TAMS 0x000000070a400000, 0x000000070a400000| Untracked 
|  65|0x000000070a600000, 0x000000070a600000, 0x000000070a800000|  0%| F|  |TAMS 0x000000070a600000, 0x000000070a600000| Untracked 
|  66|0x000000070a800000, 0x000000070a800000, 0x000000070aa00000|  0%| F|  |TAMS 0x000000070a800000, 0x000000070a800000| Untracked 
|  67|0x000000070aa00000, 0x000000070aa00000, 0x000000070ac00000|  0%| F|  |TAMS 0x000000070aa00000, 0x000000070aa00000| Untracked 
|  68|0x000000070ac00000, 0x000000070ac00000, 0x000000070ae00000|  0%| F|  |TAMS 0x000000070ac00000, 0x000000070ac00000| Untracked 
|  69|0x000000070ae00000, 0x000000070ae00000, 0x000000070b000000|  0%| F|  |TAMS 0x000000070ae00000, 0x000000070ae00000| Untracked 
|  70|0x000000070b000000, 0x000000070b000000, 0x000000070b200000|  0%| F|  |TAMS 0x000000070b000000, 0x000000070b000000| Untracked 
|  71|0x000000070b200000, 0x000000070b200000, 0x000000070b400000|  0%| F|  |TAMS 0x000000070b200000, 0x000000070b200000| Untracked 
|  72|0x000000070b400000, 0x000000070b400000, 0x000000070b600000|  0%| F|  |TAMS 0x000000070b400000, 0x000000070b400000| Untracked 
|  73|0x000000070b600000, 0x000000070b600000, 0x000000070b800000|  0%| F|  |TAMS 0x000000070b600000, 0x000000070b600000| Untracked 
|  74|0x000000070b800000, 0x000000070b800000, 0x000000070ba00000|  0%| F|  |TAMS 0x000000070b800000, 0x000000070b800000| Untracked 
|  75|0x000000070ba00000, 0x000000070ba00000, 0x000000070bc00000|  0%| F|  |TAMS 0x000000070ba00000, 0x000000070ba00000| Untracked 
|  76|0x000000070bc00000, 0x000000070bcdebf8, 0x000000070be00000| 43%| E|  |TAMS 0x000000070bc00000, 0x000000070bc00000| Complete 
| 123|0x0000000711a00000, 0x0000000711c00000, 0x0000000711c00000|100%| E|CS|TAMS 0x0000000711a00000, 0x0000000711a00000| Complete 
| 126|0x0000000712000000, 0x0000000712200000, 0x0000000712200000|100%| E|CS|TAMS 0x0000000712000000, 0x0000000712000000| Complete 
|2029|0x00000007ffe00000, 0x0000000800000000, 0x0000000800000000|100%| O|  |TAMS 0x0000000800000000, 0x00000007ffe00000| Untracked 

Card table byte_map: [0x000001d369c80000,0x000001d36a470000] _byte_map_base: 0x000001d36646e000

Marking Bits (Prev, Next): (CMBitMap*) 0x000001d356ad4d80, (CMBitMap*) 0x000001d356ad4d40
 Prev Bits: [0x000001d36ebd0000, 0x000001d372b40000)
 Next Bits: [0x000001d36ac60000, 0x000001d36ebd0000)

Polling page: 0x000001d3549b0000

Metaspace:

Usage:
  Non-class:     53.55 MB used.
      Class:      6.97 MB used.
       Both:     60.51 MB used.

Virtual space:
  Non-class space:       64.00 MB reserved,      53.62 MB ( 84%) committed,  1 nodes.
      Class space:        1.00 GB reserved,       7.06 MB ( <1%) committed,  1 nodes.
             Both:        1.06 GB reserved,      60.69 MB (  6%) committed. 

Chunk freelists:
   Non-Class:  10.38 MB
       Class:  8.92 MB
        Both:  19.30 MB

MaxMetaspaceSize: unlimited
CompressedClassSpaceSize: 1.00 GB
Initial GC threshold: 21.00 MB
Current GC threshold: 98.56 MB
CDS: off
MetaspaceReclaimPolicy: balanced
 - commit_granule_bytes: 65536.
 - commit_granule_words: 8192.
 - virtual_space_node_default_size: 8388608.
 - enlarge_chunks_in_place: 1.
 - new_chunks_are_fully_committed: 0.
 - uncommit_free_chunks: 1.
 - use_allocation_guard: 0.
 - handle_deallocations: 1.


Internal statistics:

num_allocs_failed_limit: 9.
num_arena_births: 170.
num_arena_deaths: 0.
num_vsnodes_births: 2.
num_vsnodes_deaths: 0.
num_space_committed: 969.
num_space_uncommitted: 0.
num_chunks_returned_to_freelist: 9.
num_chunks_taken_from_freelist: 1997.
num_chunk_merges: 9.
num_chunk_splits: 1718.
num_chunks_enlarged: 1596.
num_inconsistent_stats: 0.

CodeHeap 'non-profiled nmethods': size=120000Kb used=3792Kb max_used=3792Kb free=116207Kb
 bounds [0x000001d361a10000, 0x000001d361dd0000, 0x000001d368f40000]
CodeHeap 'profiled nmethods': size=120000Kb used=21042Kb max_used=21042Kb free=98957Kb
 bounds [0x000001d359f40000, 0x000001d35b3d0000, 0x000001d361470000]
CodeHeap 'non-nmethods': size=5760Kb used=1321Kb max_used=1415Kb free=4438Kb
 bounds [0x000001d361470000, 0x000001d3616e0000, 0x000001d361a10000]
 total_blobs=8736 nmethods=8097 adapters=550
 compilation: enabled
              stopped_count=0, restarted_count=0
 full_count=0

Compilation events (20 events):
Event: 9.825 Thread 0x000001d3759ea740 nmethod 8809 0x000001d35b364490 code [0x000001d35b3646a0, 0x000001d35b364cc8]
Event: 9.825 Thread 0x000001d3759ea740 8810       3       org.jetbrains.kotlin.fir.declarations.impl.FirSimpleFunctionImpl::transformReceiverParameter (34 bytes)
Event: 9.827 Thread 0x000001d3759ea740 nmethod 8810 0x000001d35b364f10 code [0x000001d35b365220, 0x000001d35b3663d8]
Event: 9.827 Thread 0x000001d3759ea740 8808       3       org.jetbrains.kotlin.fir.declarations.impl.FirPropertyAccessorImpl::transformReturnTypeRef (10 bytes)
Event: 9.828 Thread 0x000001d3759ea740 nmethod 8808 0x000001d35b366a10 code [0x000001d35b366cc0, 0x000001d35b367be8]
Event: 9.828 Thread 0x000001d3759e74e0 8816       4       java.util.LinkedHashMap::values (25 bytes)
Event: 9.828 Thread 0x000001d3759ea740 8807       3       org.jetbrains.kotlin.fir.resolve.transformers.body.resolve.FirAbstractBodyResolveTransformerDispatcher::transformDeclarationContent (27 bytes)
Event: 9.829 Thread 0x000001d3759ea740 nmethod 8807 0x000001d35b368090 code [0x000001d35b3684a0, 0x000001d35b369f78]
Event: 9.829 Thread 0x000001d3759ea740 8819       3       java.util.HashMap::clear (50 bytes)
Event: 9.829 Thread 0x000001d3759ea740 nmethod 8819 0x000001d35b36a810 code [0x000001d35b36a9c0, 0x000001d35b36adb8]
Event: 9.830 Thread 0x000001d3759ea740 8818       3       java.util.LinkedHashMap::clear (15 bytes)
Event: 9.830 Thread 0x000001d3759ea740 nmethod 8818 0x000001d35b36af10 code [0x000001d35b36b0c0, 0x000001d35b36b268]
Event: 9.830 Thread 0x000001d3759ea740 8817       3       org.jetbrains.kotlin.fir.scopes.impl.FirLocalScope::storeVariable (46 bytes)
Event: 9.830 Thread 0x000001d3759e74e0 nmethod 8816 0x000001d361dbfb90 code [0x000001d361dbfd20, 0x000001d361dbfef8]
Event: 9.831 Thread 0x000001d3759ea740 nmethod 8817 0x000001d35b36b310 code [0x000001d35b36b600, 0x000001d35b36c6a8]
Event: 9.831 Thread 0x000001d3759ea740 8814       3       org.jetbrains.kotlin.kotlinx.collections.immutable.implementations.immutableList.SmallPersistentVector::set (48 bytes)
Event: 9.832 Thread 0x000001d3759ea740 nmethod 8814 0x000001d35b36cc10 code [0x000001d35b36cec0, 0x000001d35b36db98]
Event: 9.832 Thread 0x000001d3759ea740 8820       3       org.jetbrains.kotlin.resolve.calls.inference.model.NewConstraintSystemImpl::safeSubstitute (26 bytes)
Event: 9.834 Thread 0x000001d3759ea740 nmethod 8820 0x000001d35b36e110 code [0x000001d35b36e3a0, 0x000001d35b36eee8]
Event: 9.835 Thread 0x000001d3759ea740 8811       3       org.jetbrains.kotlin.fir.declarations.FirResolvePhase$Companion::getDECLARATIONS (4 bytes)

GC Heap History (20 events):
Event: 2.392 GC heap before
{Heap before GC invocations=5 (full 0):
 garbage-first heap   total 61440K, used 19002K [0x0000000702400000, 0x0000000800000000)
  region size 2048K, 3 young (6144K), 2 survivors (4096K)
 Metaspace       used 29786K, committed 29952K, reserved 1114112K
  class space    used 3770K, committed 3840K, reserved 1048576K
}
Event: 2.399 GC heap after
{Heap after GC invocations=6 (full 0):
 garbage-first heap   total 61440K, used 17203K [0x0000000702400000, 0x0000000800000000)
  region size 2048K, 1 young (2048K), 1 survivors (2048K)
 Metaspace       used 29786K, committed 29952K, reserved 1114112K
  class space    used 3770K, committed 3840K, reserved 1048576K
}
Event: 2.828 GC heap before
{Heap before GC invocations=6 (full 0):
 garbage-first heap   total 61440K, used 39731K [0x0000000702400000, 0x0000000800000000)
  region size 2048K, 12 young (24576K), 1 survivors (2048K)
 Metaspace       used 34900K, committed 35136K, reserved 1114112K
  class space    used 4293K, committed 4416K, reserved 1048576K
}
Event: 2.837 GC heap after
{Heap after GC invocations=7 (full 0):
 garbage-first heap   total 161792K, used 18258K [0x0000000702400000, 0x0000000800000000)
  region size 2048K, 1 young (2048K), 1 survivors (2048K)
 Metaspace       used 34900K, committed 35136K, reserved 1114112K
  class space    used 4293K, committed 4416K, reserved 1048576K
}
Event: 2.883 GC heap before
{Heap before GC invocations=7 (full 0):
 garbage-first heap   total 161792K, used 20306K [0x0000000702400000, 0x0000000800000000)
  region size 2048K, 3 young (6144K), 1 survivors (2048K)
 Metaspace       used 35783K, committed 35968K, reserved 1114112K
  class space    used 4378K, committed 4480K, reserved 1048576K
}
Event: 2.887 GC heap after
{Heap after GC invocations=8 (full 0):
 garbage-first heap   total 161792K, used 18311K [0x0000000702400000, 0x0000000800000000)
  region size 2048K, 1 young (2048K), 1 survivors (2048K)
 Metaspace       used 35783K, committed 35968K, reserved 1114112K
  class space    used 4378K, committed 4480K, reserved 1048576K
}
Event: 3.890 GC heap before
{Heap before GC invocations=9 (full 0):
 garbage-first heap   total 75776K, used 63367K [0x0000000702400000, 0x0000000800000000)
  region size 2048K, 24 young (49152K), 1 survivors (2048K)
 Metaspace       used 38674K, committed 38912K, reserved 1114112K
  class space    used 4618K, committed 4736K, reserved 1048576K
}
Event: 3.924 GC heap after
{Heap after GC invocations=10 (full 0):
 garbage-first heap   total 81920K, used 30105K [0x0000000702400000, 0x0000000800000000)
  region size 2048K, 6 young (12288K), 6 survivors (12288K)
 Metaspace       used 38674K, committed 38912K, reserved 1114112K
  class space    used 4618K, committed 4736K, reserved 1048576K
}
Event: 3.960 GC heap before
{Heap before GC invocations=10 (full 0):
 garbage-first heap   total 81920K, used 32153K [0x0000000702400000, 0x0000000800000000)
  region size 2048K, 7 young (14336K), 6 survivors (12288K)
 Metaspace       used 38749K, committed 38976K, reserved 1114112K
  class space    used 4624K, committed 4736K, reserved 1048576K
}
Event: 3.980 GC heap after
{Heap after GC invocations=11 (full 0):
 garbage-first heap   total 81920K, used 31901K [0x0000000702400000, 0x0000000800000000)
  region size 2048K, 1 young (2048K), 1 survivors (2048K)
 Metaspace       used 38749K, committed 38976K, reserved 1114112K
  class space    used 4624K, committed 4736K, reserved 1048576K
}
Event: 4.586 GC heap before
{Heap before GC invocations=11 (full 0):
 garbage-first heap   total 81920K, used 58525K [0x0000000702400000, 0x0000000800000000)
  region size 2048K, 14 young (28672K), 1 survivors (2048K)
 Metaspace       used 43174K, committed 43392K, reserved 1114112K
  class space    used 5123K, committed 5248K, reserved 1048576K
}
Event: 4.595 GC heap after
{Heap after GC invocations=12 (full 0):
 garbage-first heap   total 81920K, used 34152K [0x0000000702400000, 0x0000000800000000)
  region size 2048K, 2 young (4096K), 2 survivors (4096K)
 Metaspace       used 43174K, committed 43392K, reserved 1114112K
  class space    used 5123K, committed 5248K, reserved 1048576K
}
Event: 5.061 GC heap before
{Heap before GC invocations=12 (full 0):
 garbage-first heap   total 81920K, used 56680K [0x0000000702400000, 0x0000000800000000)
  region size 2048K, 14 young (28672K), 2 survivors (4096K)
 Metaspace       used 45302K, committed 45504K, reserved 1114112K
  class space    used 5351K, committed 5440K, reserved 1048576K
}
Event: 5.076 GC heap after
{Heap after GC invocations=13 (full 0):
 garbage-first heap   total 163840K, used 38642K [0x0000000702400000, 0x0000000800000000)
  region size 2048K, 2 young (4096K), 2 survivors (4096K)
 Metaspace       used 45302K, committed 45504K, reserved 1114112K
  class space    used 5351K, committed 5440K, reserved 1048576K
}
Event: 6.805 GC heap before
{Heap before GC invocations=13 (full 0):
 garbage-first heap   total 163840K, used 114418K [0x0000000702400000, 0x0000000800000000)
  region size 2048K, 39 young (79872K), 2 survivors (4096K)
 Metaspace       used 53932K, committed 54208K, reserved 1114112K
  class space    used 6357K, committed 6464K, reserved 1048576K
}
Event: 6.851 GC heap after
{Heap after GC invocations=14 (full 0):
 garbage-first heap   total 163840K, used 57326K [0x0000000702400000, 0x0000000800000000)
  region size 2048K, 5 young (10240K), 5 survivors (10240K)
 Metaspace       used 53932K, committed 54208K, reserved 1114112K
  class space    used 6357K, committed 6464K, reserved 1048576K
}
Event: 8.315 GC heap before
{Heap before GC invocations=14 (full 0):
 garbage-first heap   total 163840K, used 112622K [0x0000000702400000, 0x0000000800000000)
  region size 2048K, 33 young (67584K), 5 survivors (10240K)
 Metaspace       used 60278K, committed 60416K, reserved 1114112K
  class space    used 7060K, committed 7104K, reserved 1048576K
}
Event: 8.356 GC heap after
{Heap after GC invocations=15 (full 0):
 garbage-first heap   total 163840K, used 69236K [0x0000000702400000, 0x0000000800000000)
  region size 2048K, 5 young (10240K), 5 survivors (10240K)
 Metaspace       used 60278K, committed 60416K, reserved 1114112K
  class space    used 7060K, committed 7104K, reserved 1048576K
}
Event: 9.674 GC heap before
{Heap before GC invocations=16 (full 0):
 garbage-first heap   total 163840K, used 118388K [0x0000000702400000, 0x0000000800000000)
  region size 2048K, 29 young (59392K), 5 survivors (10240K)
 Metaspace       used 61735K, committed 61888K, reserved 1114112K
  class space    used 7118K, committed 7168K, reserved 1048576K
}
Event: 9.709 GC heap after
{Heap after GC invocations=17 (full 0):
 garbage-first heap   total 163840K, used 77726K [0x0000000702400000, 0x0000000800000000)
  region size 2048K, 4 young (8192K), 4 survivors (8192K)
 Metaspace       used 61735K, committed 61888K, reserved 1114112K
  class space    used 7118K, committed 7168K, reserved 1048576K
}

Dll operation events (2 events):
Event: 0.007 Loaded shared library D:\Development\Android\A S\jbr\bin\java.dll
Event: 1.178 Loaded shared library D:\Development\Android\A S\jbr\bin\verify.dll

Deoptimization events (20 events):
Event: 9.625 Thread 0x000001d356a675f0 DEOPT PACKING pc=0x000001d361d55d9c sp=0x00000054c88f79a0
Event: 9.625 Thread 0x000001d356a675f0 DEOPT UNPACKING pc=0x000001d3614c69a3 sp=0x00000054c88f77f8 mode 2
Event: 9.655 Thread 0x000001d356a675f0 Uncommon trap: trap_request=0xffffff45 fr.pc=0x000001d361db0624 relative=0x00000000000001e4
Event: 9.655 Thread 0x000001d356a675f0 Uncommon trap: reason=unstable_if action=reinterpret pc=0x000001d361db0624 method=org.jetbrains.kotlin.fir.types.ConeTypeContext.typeConstructor(Lorg/jetbrains/kotlin/types/model/SimpleTypeMarker;)Lorg/jetbrains/kotlin/types/model/TypeConstructorMarker; @
Event: 9.655 Thread 0x000001d356a675f0 DEOPT PACKING pc=0x000001d361db0624 sp=0x00000054c88fa6c0
Event: 9.655 Thread 0x000001d356a675f0 DEOPT UNPACKING pc=0x000001d3614c69a3 sp=0x00000054c88fa5d0 mode 2
Event: 9.733 Thread 0x000001d356a675f0 DEOPT PACKING pc=0x000001d35ad8129d sp=0x00000054c88fa930
Event: 9.733 Thread 0x000001d356a675f0 DEOPT UNPACKING pc=0x000001d3614c7143 sp=0x00000054c88f9dc0 mode 0
Event: 9.774 Thread 0x000001d356a675f0 Uncommon trap: trap_request=0xffffff45 fr.pc=0x000001d361d7c7c0 relative=0x0000000000000600
Event: 9.774 Thread 0x000001d356a675f0 Uncommon trap: reason=unstable_if action=reinterpret pc=0x000001d361d7c7c0 method=org.jetbrains.kotlin.fir.types.ConeInferenceContext.containsInternal(Lorg/jetbrains/kotlin/types/model/KotlinTypeMarker;Lkotlin/jvm/functions/Function1;)Z @ 252 c2
Event: 9.774 Thread 0x000001d356a675f0 DEOPT PACKING pc=0x000001d361d7c7c0 sp=0x00000054c88faf20
Event: 9.774 Thread 0x000001d356a675f0 DEOPT UNPACKING pc=0x000001d3614c69a3 sp=0x00000054c88fae50 mode 2
Event: 9.774 Thread 0x000001d356a675f0 Uncommon trap: trap_request=0xffffff45 fr.pc=0x000001d361d6ff1c relative=0x000000000000057c
Event: 9.774 Thread 0x000001d356a675f0 Uncommon trap: reason=unstable_if action=reinterpret pc=0x000001d361d6ff1c method=org.jetbrains.kotlin.fir.types.ConeInferenceContext.containsInternal(Lorg/jetbrains/kotlin/types/model/KotlinTypeMarker;Lkotlin/jvm/functions/Function1;)Z @ 252 c2
Event: 9.774 Thread 0x000001d356a675f0 DEOPT PACKING pc=0x000001d361d6ff1c sp=0x00000054c88faf20
Event: 9.774 Thread 0x000001d356a675f0 DEOPT UNPACKING pc=0x000001d3614c69a3 sp=0x00000054c88faee8 mode 2
Event: 9.775 Thread 0x000001d356a675f0 Uncommon trap: trap_request=0xffffff45 fr.pc=0x000001d361d96ae0 relative=0x00000000000005a0
Event: 9.775 Thread 0x000001d356a675f0 Uncommon trap: reason=unstable_if action=reinterpret pc=0x000001d361d96ae0 method=org.jetbrains.kotlin.fir.types.ConeInferenceContext.containsInternal(Lorg/jetbrains/kotlin/types/model/KotlinTypeMarker;Lkotlin/jvm/functions/Function1;)Z @ 252 c2
Event: 9.775 Thread 0x000001d356a675f0 DEOPT PACKING pc=0x000001d361d96ae0 sp=0x00000054c88fc6f0
Event: 9.775 Thread 0x000001d356a675f0 DEOPT UNPACKING pc=0x000001d3614c69a3 sp=0x00000054c88fc5c8 mode 2

Classes unloaded (0 events):
No events

Classes redefined (0 events):
No events

Internal exceptions (20 events):
Event: 1.142 Thread 0x000001d356a675f0 Exception <a 'java/lang/NoSuchMethodError'{0x0000000710c76ca8}: 'void java.lang.invoke.DirectMethodHandle$Holder.invokeStaticInit(java.lang.Object, java.lang.Object)'> (0x0000000710c76ca8) 
thrown [s\src\hotspot\share\interpreter\linkResolver.cpp, line 771]
Event: 1.265 Thread 0x000001d356a675f0 Exception <a 'java/lang/NoSuchMethodError'{0x00000007105c1310}: 'void java.lang.invoke.DirectMethodHandle$Holder.invokeVirtual(java.lang.Object, java.lang.Object)'> (0x00000007105c1310) 
thrown [s\src\hotspot\share\interpreter\linkResolver.cpp, line 771]
Event: 1.271 Thread 0x000001d356a675f0 Exception <a 'java/lang/NoSuchMethodError'{0x0000000710210c38}: 'int java.lang.invoke.DirectMethodHandle$Holder.invokeVirtual(java.lang.Object, java.lang.Object)'> (0x0000000710210c38) 
thrown [s\src\hotspot\share\interpreter\linkResolver.cpp, line 771]
Event: 1.282 Thread 0x000001d356a675f0 Exception <a 'java/lang/NoSuchMethodError'{0x000000071024bb48}: 'java.lang.Object java.lang.invoke.Invokers$Holder.invoke_MT(java.lang.Object, java.lang.Object, java.lang.Object)'> (0x000000071024bb48) 
thrown [s\src\hotspot\share\interpreter\linkResolver.cpp, line 771]
Event: 2.726 Thread 0x000001d356a675f0 Exception <a 'java/lang/NoSuchMethodError'{0x0000000704af6a60}: 'java.lang.Object java.lang.invoke.DirectMethodHandle$Holder.invokeVirtual(java.lang.Object, java.lang.Object, java.lang.Object)'> (0x0000000704af6a60) 
thrown [s\src\hotspot\share\interpreter\linkResolver.cpp, line 771]
Event: 2.762 Thread 0x000001d356a675f0 Exception <a 'java/lang/NoSuchMethodError'{0x0000000704852650}: 'java.lang.Object java.lang.invoke.DirectMethodHandle$Holder.newInvokeSpecial(java.lang.Object, java.lang.Object, int)'> (0x0000000704852650) 
thrown [s\src\hotspot\share\interpreter\linkResolver.cpp, line 771]
Event: 2.950 Thread 0x000001d356a675f0 Exception <a 'java/lang/NoSuchMethodError'{0x00000007068e2e48}: 'int java.lang.invoke.DirectMethodHandle$Holder.invokeStaticInit(java.lang.Object, int)'> (0x00000007068e2e48) 
thrown [s\src\hotspot\share\interpreter\linkResolver.cpp, line 771]
Event: 4.213 Thread 0x000001d356a675f0 Implicit null exception at 0x000001d361ab49e3 to 0x000001d361ab51a4
Event: 4.472 Thread 0x000001d356a675f0 Implicit null exception at 0x000001d361a320f2 to 0x000001d361a3274c
Event: 5.314 Thread 0x000001d356a675f0 Implicit null exception at 0x000001d361be4a20 to 0x000001d361be51b4
Event: 5.314 Thread 0x000001d356a675f0 Implicit null exception at 0x000001d361a51d8f to 0x000001d361a51e09
Event: 5.314 Thread 0x000001d356a675f0 Implicit null exception at 0x000001d361bb51f0 to 0x000001d361bb55d8
Event: 5.773 Thread 0x000001d356a675f0 Exception <a 'java/lang/NoSuchMethodError'{0x0000000709295408}: 'java.lang.Object java.lang.invoke.Invokers$Holder.invokeExact_MT(java.lang.Object, java.lang.Object, java.lang.Object, java.lang.Object, java.lang.Object, java.lang.Object)'> (0x0000000709295408) 
thrown [s\src\hotspot\share\interpreter\linkResolver.cpp, line 771]
Event: 6.022 Thread 0x000001d356a675f0 Exception <a 'java/lang/NoSuchMethodError'{0x0000000708d54708}: 'java.lang.Object java.lang.invoke.DirectMethodHandle$Holder.newInvokeSpecial(java.lang.Object, java.lang.Object, java.lang.Object, java.lang.Object, java.lang.Object)'> (0x0000000708d54708) 
thrown [s\src\hotspot\share\interpreter\linkResolver.cpp, line 771]
Event: 7.908 Thread 0x000001d356a675f0 Exception <a 'java/lang/NoSuchMethodError'{0x0000000709a77c78}: 'java.lang.Object java.lang.invoke.DirectMethodHandle$Holder.invokeStatic(java.lang.Object, java.lang.Object, java.lang.Object, java.lang.Object, int)'> (0x0000000709a77c78) 
thrown [s\src\hotspot\share\interpreter\linkResolver.cpp, line 771]
Event: 7.910 Thread 0x000001d356a675f0 Exception <a 'java/lang/NoSuchMethodError'{0x0000000709a828c0}: 'java.lang.Object java.lang.invoke.DirectMethodHandle$Holder.newInvokeSpecial(java.lang.Object, java.lang.Object, java.lang.Object, java.lang.Object, int)'> (0x0000000709a828c0) 
thrown [s\src\hotspot\share\interpreter\linkResolver.cpp, line 771]
Event: 7.913 Thread 0x000001d356a675f0 Exception <a 'java/lang/NoSuchMethodError'{0x0000000709a8b528}: 'java.lang.Object java.lang.invoke.Invokers$Holder.linkToTargetMethod(java.lang.Object, java.lang.Object, java.lang.Object, int, java.lang.Object)'> (0x0000000709a8b528) 
thrown [s\src\hotspot\share\interpreter\linkResolver.cpp, line 771]
Event: 7.948 Thread 0x000001d356a675f0 Exception <a 'java/lang/IncompatibleClassChangeError'{0x0000000709b979f0}: Found class java.lang.Object, but interface was expected> (0x0000000709b979f0) 
thrown [s\src\hotspot\share\interpreter\linkResolver.cpp, line 838]
Event: 7.996 Thread 0x000001d356a675f0 Exception <a 'java/lang/NoSuchMethodError'{0x0000000709918580}: 'void java.lang.invoke.DirectMethodHandle$Holder.invokeInterface(java.lang.Object, java.lang.Object)'> (0x0000000709918580) 
thrown [s\src\hotspot\share\interpreter\linkResolver.cpp, line 771]
Event: 8.821 Thread 0x000001d356a675f0 Implicit null exception at 0x000001d361bcf76f to 0x000001d361bcfaec

VM Operations (20 events):
Event: 8.787 Executing VM operation: ICBufferFull
Event: 8.787 Executing VM operation: ICBufferFull done
Event: 8.905 Executing VM operation: ICBufferFull
Event: 8.905 Executing VM operation: ICBufferFull done
Event: 9.003 Executing VM operation: HandshakeAllThreads
Event: 9.004 Executing VM operation: HandshakeAllThreads done
Event: 9.040 Executing VM operation: ICBufferFull
Event: 9.040 Executing VM operation: ICBufferFull done
Event: 9.170 Executing VM operation: ICBufferFull
Event: 9.170 Executing VM operation: ICBufferFull done
Event: 9.335 Executing VM operation: ICBufferFull
Event: 9.335 Executing VM operation: ICBufferFull done
Event: 9.529 Executing VM operation: HandshakeAllThreads
Event: 9.529 Executing VM operation: HandshakeAllThreads done
Event: 9.530 Executing VM operation: HandshakeAllThreads
Event: 9.530 Executing VM operation: HandshakeAllThreads done
Event: 9.650 Executing VM operation: ICBufferFull
Event: 9.650 Executing VM operation: ICBufferFull done
Event: 9.674 Executing VM operation: G1CollectForAllocation
Event: 9.709 Executing VM operation: G1CollectForAllocation done

Events (20 events):
Event: 8.001 loading class java/util/stream/Nodes$EmptyNode$OfLong done
Event: 8.001 loading class java/util/stream/Nodes$EmptyNode$OfDouble
Event: 8.001 loading class java/util/stream/Node$OfDouble
Event: 8.001 loading class java/util/stream/Node$OfDouble done
Event: 8.001 loading class java/util/stream/Nodes$EmptyNode$OfDouble done
Event: 8.002 loading class java/util/stream/Nodes$SpinedNodeBuilder
Event: 8.002 loading class java/util/stream/Node$Builder
Event: 8.002 loading class java/util/stream/Node$Builder done
Event: 8.002 loading class java/util/stream/SpinedBuffer
Event: 8.002 loading class java/util/stream/AbstractSpinedBuffer
Event: 8.002 loading class java/util/stream/AbstractSpinedBuffer done
Event: 8.002 loading class java/util/stream/SpinedBuffer done
Event: 8.002 loading class java/util/stream/Nodes$SpinedNodeBuilder done
Event: 8.002 loading class java/util/stream/ReferencePipeline$2$1
Event: 8.003 loading class java/util/stream/ReferencePipeline$2$1 done
Event: 8.074 loading class java/lang/Byte$ByteCache
Event: 8.074 loading class java/lang/Byte$ByteCache done
Event: 8.113 loading class java/lang/Short$ShortCache
Event: 8.113 loading class java/lang/Short$ShortCache done
Event: 9.016 Thread 0x000001d375a07a60 flushing nmethod 0x000001d35a7d8a90


Dynamic libraries:
0x00007ff7d41a0000 - 0x00007ff7d41aa000 	D:\Development\Android\A S\jbr\bin\java.exe
0x00007ff8acb70000 - 0x00007ff8acd87000 	C:\WINDOWS\SYSTEM32\ntdll.dll
0x00007ff8ab180000 - 0x00007ff8ab244000 	C:\WINDOWS\System32\KERNEL32.DLL
0x00007ff8aa520000 - 0x00007ff8aa8c6000 	C:\WINDOWS\System32\KERNELBASE.dll
0x00007ff8aa400000 - 0x00007ff8aa511000 	C:\WINDOWS\System32\ucrtbase.dll
0x00007ff85dd20000 - 0x00007ff85dd37000 	D:\Development\Android\A S\jbr\bin\jli.dll
0x00007ff896150000 - 0x00007ff89616b000 	D:\Development\Android\A S\jbr\bin\VCRUNTIME140.dll
0x00007ff8aa9c0000 - 0x00007ff8aab6d000 	C:\WINDOWS\System32\USER32.dll
0x00007ff897230000 - 0x00007ff8974c3000 	C:\WINDOWS\WinSxS\amd64_microsoft.windows.common-controls_6595b64144ccf1df_6.0.22621.2361_none_2712ced57382f843\COMCTL32.dll
0x00007ff8aa3d0000 - 0x00007ff8aa3f6000 	C:\WINDOWS\System32\win32u.dll
0x00007ff8abfe0000 - 0x00007ff8ac087000 	C:\WINDOWS\System32\msvcrt.dll
0x00007ff8ab070000 - 0x00007ff8ab099000 	C:\WINDOWS\System32\GDI32.dll
0x00007ff8aa1c0000 - 0x00007ff8aa2d8000 	C:\WINDOWS\System32\gdi32full.dll
0x00007ff8a9ef0000 - 0x00007ff8a9f8a000 	C:\WINDOWS\System32\msvcp_win.dll
0x00007ff8ac150000 - 0x00007ff8ac181000 	C:\WINDOWS\System32\IMM32.DLL
0x00007ff8a4fe0000 - 0x00007ff8a4fec000 	D:\Development\Android\A S\jbr\bin\vcruntime140_1.dll
0x00007ff882420000 - 0x00007ff8824ad000 	D:\Development\Android\A S\jbr\bin\msvcp140.dll
0x00007fffdadb0000 - 0x00007fffdba30000 	D:\Development\Android\A S\jbr\bin\server\jvm.dll
0x00007ff8aae60000 - 0x00007ff8aaf10000 	C:\WINDOWS\System32\ADVAPI32.dll
0x00007ff8ac090000 - 0x00007ff8ac136000 	C:\WINDOWS\System32\sechost.dll
0x00007ff8ab4a0000 - 0x00007ff8ab5b7000 	C:\WINDOWS\System32\RPCRT4.dll
0x00007ff87c760000 - 0x00007ff87c769000 	C:\WINDOWS\SYSTEM32\WSOCK32.dll
0x00007ff892360000 - 0x00007ff892394000 	C:\WINDOWS\SYSTEM32\WINMM.dll
0x00007ff8aba60000 - 0x00007ff8abad1000 	C:\WINDOWS\System32\WS2_32.dll
0x00007ff8a3080000 - 0x00007ff8a308a000 	C:\WINDOWS\SYSTEM32\VERSION.dll
0x00007ff8a8ed0000 - 0x00007ff8a8ee8000 	C:\WINDOWS\SYSTEM32\kernel.appcore.dll
0x00007ff8a2590000 - 0x00007ff8a259a000 	D:\Development\Android\A S\jbr\bin\jimage.dll
0x00007ff8a78a0000 - 0x00007ff8a7ace000 	C:\WINDOWS\SYSTEM32\DBGHELP.DLL
0x00007ff8ab6d0000 - 0x00007ff8aba5a000 	C:\WINDOWS\System32\combase.dll
0x00007ff8ab0a0000 - 0x00007ff8ab177000 	C:\WINDOWS\System32\OLEAUT32.dll
0x00007ff8a1c30000 - 0x00007ff8a1c62000 	C:\WINDOWS\SYSTEM32\dbgcore.DLL
0x00007ff8aa2e0000 - 0x00007ff8aa35a000 	C:\WINDOWS\System32\bcryptPrimitives.dll
0x00007ff895010000 - 0x00007ff895035000 	D:\Development\Android\A S\jbr\bin\java.dll
0x00007ff88ff30000 - 0x00007ff88ff48000 	D:\Development\Android\A S\jbr\bin\zip.dll
0x00007ff8ac1b0000 - 0x00007ff8aca08000 	C:\WINDOWS\System32\SHELL32.dll
0x00007ff8a7e50000 - 0x00007ff8a8742000 	C:\WINDOWS\SYSTEM32\windows.storage.dll
0x00007ff8a7d10000 - 0x00007ff8a7e4e000 	C:\WINDOWS\SYSTEM32\wintypes.dll
0x00007ff8aca30000 - 0x00007ff8acb23000 	C:\WINDOWS\System32\SHCORE.dll
0x00007ff8ab2a0000 - 0x00007ff8ab2fe000 	C:\WINDOWS\System32\shlwapi.dll
0x00007ff8a9e20000 - 0x00007ff8a9e46000 	C:\WINDOWS\SYSTEM32\profapi.dll
0x00007ff860430000 - 0x00007ff860449000 	D:\Development\Android\A S\jbr\bin\net.dll
0x00007ff8a3230000 - 0x00007ff8a3367000 	C:\WINDOWS\SYSTEM32\WINHTTP.dll
0x00007ff8a93b0000 - 0x00007ff8a9419000 	C:\WINDOWS\system32\mswsock.dll
0x00007ff85dd80000 - 0x00007ff85dd96000 	D:\Development\Android\A S\jbr\bin\nio.dll
0x00007ff89f670000 - 0x00007ff89f680000 	D:\Development\Android\A S\jbr\bin\verify.dll

dbghelp: loaded successfully - version: 4.0.5 - missing functions: none
symbol engine: initialized successfully - sym options: 0x614 - pdb path: .;D:\Development\Android\A S\jbr\bin;C:\WINDOWS\SYSTEM32;C:\WINDOWS\WinSxS\amd64_microsoft.windows.common-controls_6595b64144ccf1df_6.0.22621.2361_none_2712ced57382f843;D:\Development\Android\A S\jbr\bin\server

VM Arguments:
java_command: org.jetbrains.kotlin.cli.jvm.K2JVMCompiler @C:\Users\Lonewolf\AndroidStudioProjects\YEA\app\build\20240117_17723870562560278244.compiler.options
java_class_path (initial): C:\Users\Lonewolf\.gradle\caches\modules-2\files-2.1\org.jetbrains.kotlin\kotlin-compiler-embeddable\2.0.0-Beta2\1d3602e0edcbf5432509fb2ce7e4ac66b94a53fe\kotlin-compiler-embeddable-2.0.0-Beta2.jar;C:\Users\Lonewolf\.gradle\caches\modules-2\files-2.1\org.jetbrains.kotlin\kotlin-stdlib\2.0.0-Beta2\61be8a13ad24f43c915ba6962440cd30af4700ec\kotlin-stdlib-2.0.0-Beta2.jar;C:\Users\Lonewolf\.gradle\caches\modules-2\files-2.1\org.jetbrains.kotlin\kotlin-script-runtime\2.0.0-Beta2\15426a65ec3efad8fbe0ddb787c04dbdcbbc4e0e\kotlin-script-runtime-2.0.0-Beta2.jar;C:\Users\Lonewolf\.gradle\caches\modules-2\files-2.1\org.jetbrains.kotlin\kotlin-reflect\1.6.10\1cbe9c92c12a94eea200d23c2bbaedaf3daf5132\kotlin-reflect-1.6.10.jar;C:\Users\Lonewolf\.gradle\caches\modules-2\files-2.1\org.jetbrains.kotlin\kotlin-daemon-embeddable\2.0.0-Beta2\9b7d6cc7230dfdf17018a6c18ff493bd495acd28\kotlin-daemon-embeddable-2.0.0-Beta2.jar;C:\Users\Lonewolf\.gradle\caches\modules-2\files-2.1\org.jetbrains.intellij.deps\trove4j\1.0.20200330\3afb14d5f9ceb459d724e907a21145e8ff394f02\trove4j-1.0.20200330.jar;C:\Users\Lonewolf\.gradle\caches\modules-2\files-2.1\org.jetbrains\annotations\13.0\919f0dfe192fb4e063e7dacadee7f8bb9a2672a9\annotations-13.0.jar
Launcher Type: SUN_STANDARD

[Global flags]
     intx CICompilerCount                          = 4                                         {product} {ergonomic}
     uint ConcGCThreads                            = 3                                         {product} {ergonomic}
     uint G1ConcRefinementThreads                  = 10                                        {product} {ergonomic}
   size_t G1HeapRegionSize                         = 2097152                                   {product} {ergonomic}
    uintx GCDrainStackTargetSize                   = 64                                        {product} {ergonomic}
   size_t InitialHeapSize                          = 266338304                                 {product} {ergonomic}
   size_t MarkStackSize                            = 4194304                                   {product} {ergonomic}
   size_t MaxHeapSize                              = 4257218560                                {product} {ergonomic}
   size_t MaxNewSize                               = 2554331136                                {product} {ergonomic}
   size_t MinHeapDeltaBytes                        = 2097152                                   {product} {ergonomic}
   size_t MinHeapSize                              = 8388608                                   {product} {ergonomic}
    uintx NonNMethodCodeHeapSize                   = 5839372                                {pd product} {ergonomic}
    uintx NonProfiledCodeHeapSize                  = 122909434                              {pd product} {ergonomic}
    uintx ProfiledCodeHeapSize                     = 122909434                              {pd product} {ergonomic}
    uintx ReservedCodeCacheSize                    = 251658240                              {pd product} {ergonomic}
     bool SegmentedCodeCache                       = true                                      {product} {ergonomic}
   size_t SoftMaxHeapSize                          = 4257218560                             {manageable} {ergonomic}
     bool UseCompressedClassPointers               = true                           {product lp64_product} {ergonomic}
     bool UseCompressedOops                        = true                           {product lp64_product} {ergonomic}
     bool UseG1GC                                  = true                                      {product} {ergonomic}
     bool UseLargePagesIndividualAllocation        = false                                  {pd product} {ergonomic}

Logging:
Log output configuration:
 #0: stdout all=warning uptime,level,tags
 #1: stderr all=off uptime,level,tags

Environment Variables:
PATH=C:\Program Files\Common Files\Oracle\Java\javapath;C:\Program Files (x86)\Common Files\Intel\Shared Libraries\redist\intel64_win\compiler;C:\Program Files (x86)\Common Files\Intel\Shared Libraries\redist\intel64\compiler;C:\WINDOWS\system32;C:\WINDOWS;C:\WINDOWS\System32\Wbem;C:\WINDOWS\System32\WindowsPowerShell\v1.0\;C:\WINDOWS\System32\OpenSSH\;C:\Program Files\NVIDIA Corporation\NVIDIA NvDLISR;C:\Program Files\Git\cmd;C:\Program Files\dotnet\;C:\WINDOWS\system32;C:\WINDOWS;C:\WINDOWS\System32\Wbem;C:\WINDOWS\System32\WindowsPowerShell\v1.0\;C:\WINDOWS\System32\OpenSSH\;C:\Program Files\nodejs\;C:\Users\Lonewolf\AppData\Local\Microsoft\WindowsApps;C:\Users\Lonewolf\AppData\Local\Programs\Microsoft VS Code\bin;C:\Users\Lonewolf\AppData\Roaming\npm
USERNAME=Lonewolf
OS=Windows_NT
PROCESSOR_IDENTIFIER=Intel64 Family 6 Model 158 Stepping 10, GenuineIntel
TMP=C:\Users\Lonewolf\AppData\Local\Temp
TEMP=C:\Users\Lonewolf\AppData\Local\Temp


JNI global refs:
JNI global refs: 12, weak refs: 5

JNI global refs memory usage: 843, weak refs: 841

OOME stack traces (most recent first):
Classloader memory used:
Loader jdk.internal.loader.ClassLoaders$AppClassLoader                                 : 6400K
Loader bootstrap                                                                       : 1331K
Loader java.net.URLClassLoader                                                         : 12801B
Loader jdk.internal.reflect.DelegatingClassLoader                                      : 1699B


---------------  S Y S T E M  ---------------

OS:
 Windows 11 , 64 bit Build 22621 (10.0.22621.2428)
OS uptime: 4 days 8:21 hours

CPU: total 12 (initial active 12) (6 cores per cpu, 2 threads per core) family 6 model 158 stepping 10 microcode 0xde, cx8, cmov, fxsr, ht, mmx, 3dnowpref, sse, sse2, sse3, ssse3, sse4.1, sse4.2, popcnt, lzcnt, tsc, tscinvbit, avx, avx2, aes, erms, clmul, bmi1, bmi2, adx, fma, vzeroupper, clflush, clflushopt

Memory: 4k page, system-wide physical 16234M (403M free)
TotalPageFile size 30481M (AvailPageFile size 4M)
current process WorkingSet (physical memory assigned to process): 344M, peak: 347M
current process commit charge ("private bytes"): 382M, peak: 386M

vm_info: OpenJDK 64-Bit Server VM (17.0.7+0-b2043.56-10550314) for windows-amd64 JRE (17.0.7+0-b2043.56-10550314), built on Jul 24 2023 18:27:45 by "androidbuild" with MS VC++ 16.10 / 16.11 (VS2019)

END.
